STEP to UG
! INFO-     NX STEP AP214 - V2007
! INFO-      
! INFO-     Start of Translation: 21-APR-2025  12:45:03 AM
! INFO-      
! STATUS-   Converting Part: C:\Users\zheng\Documents\Documents\Purdue_Clubs\PURPL\Github\Turbojet\Organized_Assembly\Stationary_Subassembly\Turbine_Section\Stator_Import_STEPs\Stator.STEP
! SUMMARY-   
! SUMMARY-    STEP Header Information
! SUMMARY-   
! SUMMARY-  Description      STEP AP214
! SUMMARY-  Imp_Level        1
! SUMMARY-  File_Name        Stator.STEP
! SUMMARY-  Date             2025-04-21T04:44:42
! SUMMARY-  Author           Unknown
! SUMMARY-  Organization     Unknown
! SUMMARY-  Pre_Version      SwSTEP 2.0
! SUMMARY-  Orig_System      SolidWorks 2024
! SUMMARY-  Authorization    Unknown
! SUMMARY-  Schema_ID        automotive_design
! SUMMARY-   
! SUMMARY-    Summary of STEP Entities
! SUMMARY-   
! SUMMARY-  Entity Type                                                   Count
! SUMMARY-  -----------                                                   ------
! SUMMARY-  advanced_face ..............................................:    150
! SUMMARY-  application_context ........................................:      2
! SUMMARY-  axis2_placement_3d .........................................:    175
! SUMMARY-  b_spline_curve_with_knots ..................................:    217
! SUMMARY-  b_spline_surface_with_knots ................................:     52
! SUMMARY-  b_spline_surface_with_knots_and_rational_b_spline_surface ..:     30
! SUMMARY-  cartesian_point ............................................:  86566
! SUMMARY-  circle .....................................................:    106
! SUMMARY-  closed_shell ...............................................:      1
! SUMMARY-  conical_surface ............................................:     16
! SUMMARY-  cylindrical_surface ........................................:     41
! SUMMARY-  direction ..................................................:    394
! SUMMARY-  edge_curve .................................................:    367
! SUMMARY-  edge_loop ..................................................:    166
! SUMMARY-  face_bound .................................................:     16
! SUMMARY-  face_outer_bound ...........................................:    150
! SUMMARY-  geometric_representation_context_and_global_uncertainty_a ..:      2
! SUMMARY-  length_unit_and_si_unit ....................................:      2
! SUMMARY-  line .......................................................:     44
! SUMMARY-  manifold_solid_brep ........................................:      1
! SUMMARY-  oriented_edge ..............................................:    734
! SUMMARY-  plane ......................................................:      9
! SUMMARY-  plane_angle_unit_and_si_unit ...............................:      2
! SUMMARY-  product ....................................................:      1
! SUMMARY-  product_context ............................................:      1
! SUMMARY-  product_definition .........................................:      1
! SUMMARY-  product_definition_context .................................:      1
! SUMMARY-  product_definition_formation_with_specified_source .........:      1
! SUMMARY-  product_definition_shape ...................................:      1
! SUMMARY-  product_related_product_category ...........................:      1
! SUMMARY-  si_unit_and_solid_angle_unit ...............................:      2
! SUMMARY-  toroidal_surface ...........................................:      2
! SUMMARY-  uncertainty_measure_with_unit ..............................:      2
! SUMMARY-  vector .....................................................:     44
! SUMMARY-  vertex_point ...............................................:    233
! SUMMARY-                                                               -------
! SUMMARY-  Total                                                          89533
! STATUS-    
! STATUS-   Converting to Output Form (Phase 2 of 3): 21-APR-2025 12:45:03 AM
! STATUS-    
! STATUS-    
! STATUS-   Generating UG geometry and placing them in parts
! STATUS-    
! STATUS-   Creating the UG part (Phase 3 of 3): 21-APR-2025  12:45:05 AM
! INFO-     Filing Part ..: C:\Users\zheng\Documents\Documents\Purdue_Clubs\PURPL\Github\Turbojet\Organized_Assembly\Stationary_Subassembly\Turbine_Section\Stator_Import_STEPs\Stator_step.prt
! SUMMARY-   
! SUMMARY-  Summary of Unigraphics Part Entities
! SUMMARY-   
! SUMMARY-  Entities Processed             Count
! SUMMARY-  ------------------             -----
! SUMMARY-  Solid .......................:     1
! SUMMARY-                                 -----
! SUMMARY-  Total                              1
! INFO-      
! INFO-     Total number of solids input for this translation       :         1
! INFO-      
! INFO-     Number of solids created without body validation faults :         1
! INFO-      
! INFO-     Number of solids created with body validation fault(s)  :         0
! INFO-      
! INFO-     Number of solids ending up as sheet bodies              :         0
! INFO-      
! INFO-     End of Translation: 21-APR-2025  12:45:05 AM
! INFO-      
